<?xml version="1.0" encoding="utf-8"?><testsuites name="pytest tests"><testsuite name="pytest" errors="0" failures="1" skipped="0" tests="53" time="10.278" timestamp="2026-06-21T20:00:30.558926+00:00" hostname="agent-env-c6e099c4-6559-45eb-9148-a666487158be"><testcase classname="backend.tests.metfpa_phase2a_test.TestAuthGating" name="test_health_open" time="0.233" /><testcase classname="backend.tests.metfpa_phase2a_test.TestAuthGating" name="test_unauth_returns_401[/pnd]" time="0.132" /><testcase classname="backend.tests.metfpa_phase2a_test.TestAuthGating" name="test_unauth_returns_401[/politique]" time="0.163" /><testcase classname="backend.tests.metfpa_phase2a_test.TestAuthGating" name="test_unauth_returns_401[/digital]" time="0.132" /><testcase classname="backend.tests.metfpa_phase2a_test.TestAuthGating" name="test_unauth_returns_401[/indicators]" time="0.110" /><testcase classname="backend.tests.metfpa_phase2a_test.TestAuthGating" name="test_unauth_returns_401[/alignments]" time="0.145" /><testcase classname="backend.tests.metfpa_phase2a_test.TestAuthGating" name="test_unauth_returns_401[/activities]" time="0.100" /><testcase classname="backend.tests.metfpa_phase2a_test.TestAuthGating" name="test_unauth_returns_401[/frameworks]" time="0.126" /><testcase classname="backend.tests.metfpa_phase2a_test.TestAuthGating" name="test_unauth_returns_401[/cabinet]" time="0.100" /><testcase classname="backend.tests.metfpa_phase2a_test.TestAuthGating" name="test_unauth_returns_401[/budget/consolidated]" time="0.099" /><testcase classname="backend.tests.metfpa_phase2a_test.TestAuthGating" name="test_unauth_returns_401[/cabinet/alerts]" time="0.097" /><testcase classname="backend.tests.metfpa_phase2a_test.TestAuthGating" name="test_auth_returns_200[/pnd]" time="1.506" /><testcase classname="backend.tests.metfpa_phase2a_test.TestAuthGating" name="test_auth_returns_200[/politique]" time="0.117" /><testcase classname="backend.tests.metfpa_phase2a_test.TestAuthGating" name="test_auth_returns_200[/digital]" time="0.106" /><testcase classname="backend.tests.metfpa_phase2a_test.TestAuthGating" name="test_auth_returns_200[/indicators]" time="0.101" /><testcase classname="backend.tests.metfpa_phase2a_test.TestAuthGating" name="test_auth_returns_200[/alignments]" time="0.103" /><testcase classname="backend.tests.metfpa_phase2a_test.TestAuthGating" name="test_auth_returns_200[/activities]" time="0.154" /><testcase classname="backend.tests.metfpa_phase2a_test.TestAuthGating" name="test_auth_returns_200[/frameworks]" time="0.096" /><testcase classname="backend.tests.metfpa_phase2a_test.TestAuthGating" name="test_auth_returns_200[/cabinet]" time="0.101" /><testcase classname="backend.tests.metfpa_phase2a_test.TestAuthGating" name="test_auth_returns_200[/budget/consolidated]" time="0.098" /><testcase classname="backend.tests.metfpa_phase2a_test.TestAuthGating" name="test_auth_returns_200[/cabinet/alerts]" time="0.107" /><testcase classname="backend.tests.metfpa_phase2a_test.TestAuditLog" name="test_unauth_401" time="0.103" /><testcase classname="backend.tests.metfpa_phase2a_test.TestAuditLog" name="test_validator_200" time="0.115" /><testcase classname="backend.tests.metfpa_phase2a_test.TestAuditLog" name="test_admin_200" time="0.127" /><testcase classname="backend.tests.metfpa_phase2a_test.TestAuditLog" name="test_reader_403" time="0.096" /><testcase classname="backend.tests.metfpa_phase2a_test.TestAuditLog" name="test_editor_403" time="0.101" /><testcase classname="backend.tests.metfpa_phase2a_test.TestActivityHistoryScope" name="test_reader_any" time="0.321" /><testcase classname="backend.tests.metfpa_phase2a_test.TestActivityHistoryScope" name="test_editor_daf_only" time="0.317" /><testcase classname="backend.tests.metfpa_phase2a_test.TestActivityHistoryScope" name="test_validator_and_admin" time="0.328" /><testcase classname="backend.tests.metfpa_phase2a_test.TestActivityHistoryScope" name="test_unknown_404" time="0.100" /><testcase classname="backend.tests.metfpa_phase2a_test.TestDirectionClearing" name="test_omit_preserves" time="0.115"><failure message="KeyError: 'full_name'">backend/tests/metfpa_phase2a_test.py:141: in test_omit_preserves
    json={"full_name": editor["full_name"]},
                       ^^^^^^^^^^^^^^^^^^^
E   KeyError: 'full_name'</failure></testcase><testcase classname="backend.tests.metfpa_phase2a_test.TestDirectionClearing" name="test_clear_editor_direction_422" time="0.203" /><testcase classname="backend.tests.metfpa_phase2a_test.TestDirectionClearing" name="test_clear_reader_direction_ok" time="0.304" /><testcase classname="backend.tests.metfpa_phase2a_test.TestCabinetOrder" name="test_pdf_decisions_before_kpis" time="0.124" /><testcase classname="backend.tests.metfpa_phase2a_test.TestImportRBAC" name="test_unauth_401" time="0.103" /><testcase classname="backend.tests.metfpa_phase2a_test.TestImportRBAC" name="test_reader_403" time="0.143" /><testcase classname="backend.tests.metfpa_phase2a_test.TestImportRBAC" name="test_editor_403" time="0.093" /><testcase classname="backend.tests.metfpa_phase2a_test.TestImportRBAC" name="test_validator_200" time="0.118" /><testcase classname="backend.tests.metfpa_phase2a_test.TestImportRBAC" name="test_admin_200" time="0.122" /><testcase classname="backend.tests.metfpa_phase2a_test.TestFileValidation" name="test_fake_xls_blocked" time="0.105" /><testcase classname="backend.tests.metfpa_phase2a_test.TestVerdicts" name="test_valid_ready_for_review" time="0.124" /><testcase classname="backend.tests.metfpa_phase2a_test.TestVerdicts" name="test_warn_warnings" time="0.119" /><testcase classname="backend.tests.metfpa_phase2a_test.TestVerdicts" name="test_blocked_verdict" time="0.133" /><testcase classname="backend.tests.metfpa_phase2a_test.TestVerdicts" name="test_missingcol_blocked" time="0.125" /><testcase classname="backend.tests.metfpa_phase2a_test.TestVerdicts" name="test_never_ready_to_apply" time="0.444" /><testcase classname="backend.tests.metfpa_phase2a_test.TestNoMutation" name="test_activities_count_unchanged" time="0.684" /><testcase classname="backend.tests.metfpa_phase2a_test.TestImportJobs" name="test_list_validator_and_admin" time="0.210" /><testcase classname="backend.tests.metfpa_phase2a_test.TestImportJobs" name="test_list_reader_403" time="0.096" /><testcase classname="backend.tests.metfpa_phase2a_test.TestImportJobs" name="test_get_and_delete_job" time="0.470" /><testcase classname="backend.tests.metfpa_phase2a_test.TestValidationRBAC" name="test_unauth_401" time="0.101" /><testcase classname="backend.tests.metfpa_phase2a_test.TestValidationRBAC" name="test_reader_403" time="0.095" /><testcase classname="backend.tests.metfpa_phase2a_test.TestValidationRBAC" name="test_editor_403" time="0.102" /><testcase classname="backend.tests.metfpa_phase2a_test.TestValidationRBAC" name="test_validator_passes_rbac" time="0.108" /></testsuite></testsuites>