<?xml version="1.0" encoding="utf-8"?><testsuites name="pytest tests"><testsuite name="pytest" errors="0" failures="0" skipped="0" tests="18" time="2.921" timestamp="2026-06-19T13:20:05.238508+00:00" hostname="agent-env-c6e099c4-6559-45eb-9148-a666487158be"><testcase classname="backend.tests.backend_test.TestAuth" name="test_login_wrong_password" time="0.431" /><testcase classname="backend.tests.backend_test.TestAuth" name="test_login_director" time="0.322" /><testcase classname="backend.tests.backend_test.TestAuth" name="test_me" time="0.510" /><testcase classname="backend.tests.backend_test.TestAuth" name="test_me_unauth" time="0.091" /><testcase classname="backend.tests.backend_test.TestFilters" name="test_filters" time="0.056" /><testcase classname="backend.tests.backend_test.TestDashboard" name="test_dashboard" time="0.056" /><testcase classname="backend.tests.backend_test.TestDashboard" name="test_dashboard_filter_pillar" time="0.052" /><testcase classname="backend.tests.backend_test.TestActions" name="test_list_actions_pagination" time="0.055" /><testcase classname="backend.tests.backend_test.TestActions" name="test_get_action" time="0.058" /><testcase classname="backend.tests.backend_test.TestActions" name="test_get_action_404" time="0.047" /><testcase classname="backend.tests.backend_test.TestActions" name="test_update_action_creates_history_entry" time="0.392" /><testcase classname="backend.tests.backend_test.TestActions" name="test_update_action_clamps_progress" time="0.156" /><testcase classname="backend.tests.backend_test.TestActions" name="test_add_comment_persists" time="0.225" /><testcase classname="backend.tests.backend_test.TestTree" name="test_tree" time="0.090" /><testcase classname="backend.tests.backend_test.TestAnalytics" name="test_analytics" time="0.059" /><testcase classname="backend.tests.backend_test.TestAlerts" name="test_alerts" time="0.063" /><testcase classname="backend.tests.backend_test.TestMinistries" name="test_ministries" time="0.059" /><testcase classname="backend.tests.backend_test.TestNotifications" name="test_notifications" time="0.056" /></testsuite></testsuites>