<?xml version="1.0" encoding="utf-8"?><testsuites name="pytest tests"><testsuite name="pytest" errors="0" failures="0" skipped="0" tests="17" time="2.123" timestamp="2026-06-19T12:06:35.560749+00:00" hostname="agent-env-c6e099c4-6559-45eb-9148-a666487158be"><testcase classname="backend.tests.backend_test.TestAuth" name="test_login_wrong_password" time="0.445" /><testcase classname="backend.tests.backend_test.TestAuth" name="test_me" time="0.421" /><testcase classname="backend.tests.backend_test.TestAuth" name="test_me_unauth" time="0.090" /><testcase classname="backend.tests.backend_test.TestAuth" name="test_logout" time="0.053" /><testcase classname="backend.tests.backend_test.TestFilters" name="test_filters" time="0.049" /><testcase classname="backend.tests.backend_test.TestDashboard" name="test_dashboard" time="0.072" /><testcase classname="backend.tests.backend_test.TestDashboard" name="test_dashboard_filter_pillar" time="0.048" /><testcase classname="backend.tests.backend_test.TestActions" name="test_list_actions_pagination" time="0.047" /><testcase classname="backend.tests.backend_test.TestActions" name="test_list_actions_sort_progress_desc" time="0.046" /><testcase classname="backend.tests.backend_test.TestActions" name="test_list_actions_filter_status" time="0.053" /><testcase classname="backend.tests.backend_test.TestActions" name="test_get_action" time="0.044" /><testcase classname="backend.tests.backend_test.TestActions" name="test_get_action_404" time="0.110" /><testcase classname="backend.tests.backend_test.TestActions" name="test_update_action_persists" time="0.177" /><testcase classname="backend.tests.backend_test.TestActions" name="test_update_action_clamps_progress" time="0.146" /><testcase classname="backend.tests.backend_test.TestTree" name="test_tree" time="0.090" /><testcase classname="backend.tests.backend_test.TestAnalytics" name="test_analytics" time="0.050" /><testcase classname="backend.tests.backend_test.TestAlerts" name="test_alerts" time="0.059" /></testsuite></testsuites>