<?xml version="1.0" encoding="utf-8"?><testsuites name="pytest tests"><testsuite name="pytest" errors="0" failures="0" skipped="0" tests="13" time="1.466" timestamp="2026-06-21T11:43:38.196352+00:00" hostname="agent-env-c6e099c4-6559-45eb-9148-a666487158be"><testcase classname="backend.tests.metfpa_s3b_test.TestCabinet" name="test_cabinet_shape" time="0.324" /><testcase classname="backend.tests.metfpa_s3b_test.TestBudget" name="test_budget_consolidated" time="0.043" /><testcase classname="backend.tests.metfpa_s3b_test.TestDecisions" name="test_invalid_status_422" time="0.071" /><testcase classname="backend.tests.metfpa_s3b_test.TestDecisions" name="test_list" time="0.088" /><testcase classname="backend.tests.metfpa_s3b_test.TestDecisions" name="test_get_one" time="0.042" /><testcase classname="backend.tests.metfpa_s3b_test.TestDecisions" name="test_get_404" time="0.081" /><testcase classname="backend.tests.metfpa_s3b_test.TestDecisions" name="test_update" time="0.043" /><testcase classname="backend.tests.metfpa_s3b_test.TestDecisions" name="test_audit_has_entries" time="0.085" /><testcase classname="backend.tests.metfpa_s3b_test.TestRisks" name="test_invalid_probability_422" time="0.041" /><testcase classname="backend.tests.metfpa_s3b_test.TestRisks" name="test_invalid_impact_422" time="0.043" /><testcase classname="backend.tests.metfpa_s3b_test.TestRisks" name="test_score_severity_critique" time="0.331" /><testcase classname="backend.tests.metfpa_s3b_test.TestActivityHistory" name="test_unknown_404" time="0.043" /><testcase classname="backend.tests.metfpa_s3b_test.TestActivityHistory" name="test_history_after_edit" time="0.167" /></testsuite></testsuites>