<?xml version="1.0" encoding="utf-8"?><testsuites name="pytest tests"><testsuite name="pytest" errors="0" failures="0" skipped="0" tests="28" time="6.303" timestamp="2026-06-21T16:15:50.177382+00:00" hostname="agent-env-c6e099c4-6559-45eb-9148-a666487158be"><testcase classname="backend.tests.metfpa_s4_test.TestAuth" name="test_login_returns_role_direction" time="0.465" /><testcase classname="backend.tests.metfpa_s4_test.TestAuth" name="test_login_wrong_password" time="0.354" /><testcase classname="backend.tests.metfpa_s4_test.TestAuth" name="test_me_returns_identity" time="1.413" /><testcase classname="backend.tests.metfpa_s4_test.TestAuth" name="test_missing_token_401" time="0.100" /><testcase classname="backend.tests.metfpa_s4_test.TestAuth" name="test_malformed_token_401" time="0.102" /><testcase classname="backend.tests.metfpa_s4_test.TestAuth" name="test_tampered_token_401" time="0.131" /><testcase classname="backend.tests.metfpa_s4_test.TestAuth" name="test_expired_token_401" time="0.094" /><testcase classname="backend.tests.metfpa_s4_test.TestAuth" name="test_wrong_type_token_401" time="0.094" /><testcase classname="backend.tests.metfpa_s4_test.TestRBAC" name="test_reader_cannot_post_decision" time="0.100" /><testcase classname="backend.tests.metfpa_s4_test.TestRBAC" name="test_reader_cannot_post_risk" time="0.149" /><testcase classname="backend.tests.metfpa_s4_test.TestRBAC" name="test_reader_cannot_put_activity" time="0.097" /><testcase classname="backend.tests.metfpa_s4_test.TestRBAC" name="test_reader_cannot_validate" time="0.106" /><testcase classname="backend.tests.metfpa_s4_test.TestRBAC" name="test_editor_cannot_validate" time="0.092" /><testcase classname="backend.tests.metfpa_s4_test.TestRBAC" name="test_validator_can_call_validate_endpoint" time="0.102" /><testcase classname="backend.tests.metfpa_s4_test.TestRBAC" name="test_admin_can_call_validate_endpoint" time="0.102" /><testcase classname="backend.tests.metfpa_s4_test.TestRBAC" name="test_direction_editor_scope" time="0.348" /><testcase classname="backend.tests.metfpa_s4_test.TestAdminUsers" name="test_list_users_admin_only" time="0.093" /><testcase classname="backend.tests.metfpa_s4_test.TestAdminUsers" name="test_list_users_forbidden_for_others" time="0.342" /><testcase classname="backend.tests.metfpa_s4_test.TestAdminUsers" name="test_patch_user_role" time="0.301" /><testcase classname="backend.tests.metfpa_s4_test.TestAdminUsers" name="test_last_admin_safeguard_409" time="0.322" /><testcase classname="backend.tests.metfpa_s4_test.TestAlerts" name="test_alerts_requires_auth" time="0.144" /><testcase classname="backend.tests.metfpa_s4_test.TestAlerts" name="test_alerts_structure_and_sorted" time="0.113" /><testcase classname="backend.tests.metfpa_s4_test.TestPDF" name="test_pdf_requires_auth" time="0.129" /><testcase classname="backend.tests.metfpa_s4_test.TestPDF" name="test_pdf_returned_for_authed" time="0.129" /><testcase classname="backend.tests.metfpa_s4_test.TestPDF" name="test_pdf_audit_logged" time="0.216" /><testcase classname="backend.tests.metfpa_s4_test.TestRegression" name="test_health" time="0.093" /><testcase classname="backend.tests.metfpa_s4_test.TestRegression" name="test_pnd_politique_digital" time="0.303" /><testcase classname="backend.tests.metfpa_s4_test.TestRegression" name="test_cabinet_data" time="0.104" /></testsuite></testsuites>